Connected.
USER is "SEALINER"

Revoke succeeded.


Revoke succeeded.


Revoke succeeded.


Revoke succeeded.


Revoke succeeded.


Revoke succeeded.


Revoke succeeded.


Revoke succeeded.


Revoke succeeded.


Revoke succeeded.


Revoke succeeded.


Revoke succeeded.


Revoke succeeded.


Revoke succeeded.


Revoke succeeded.


Revoke succeeded.


Revoke succeeded.


Revoke succeeded.


Revoke succeeded.


Revoke succeeded.


Revoke succeeded.


Revoke succeeded.


Revoke succeeded.


Revoke succeeded.


Revoke succeeded.


Revoke succeeded.


Revoke succeeded.


Revoke succeeded.


Revoke succeeded.


Revoke succeeded.


Revoke succeeded.


Revoke succeeded.


Revoke succeeded.


Revoke succeeded.


Revoke succeeded.


Revoke succeeded.


Revoke succeeded.


Revoke succeeded.


Revoke succeeded.


Revoke succeeded.


Revoke succeeded.


Revoke succeeded.


Revoke succeeded.


Revoke succeeded.


Revoke succeeded.


Revoke succeeded.


Revoke succeeded.


Revoke succeeded.


Revoke succeeded.


Revoke succeeded.


Revoke succeeded.


Revoke succeeded.


Revoke succeeded.


Revoke succeeded.


Revoke succeeded.


Revoke succeeded.


Revoke succeeded.


Revoke succeeded.


Revoke succeeded.


Revoke succeeded.


Revoke succeeded.


Revoke succeeded.


Revoke succeeded.


Revoke succeeded.


Revoke succeeded.


Revoke succeeded.


Revoke succeeded.


Revoke succeeded.


Revoke succeeded.


Revoke succeeded.


Revoke succeeded.


Revoke succeeded.


Revoke succeeded.


Revoke succeeded.


Revoke succeeded.


Revoke succeeded.


Revoke succeeded.


Revoke succeeded.


Revoke succeeded.


Revoke succeeded.


Revoke succeeded.


Revoke succeeded.


Revoke succeeded.


Revoke succeeded.


Revoke succeeded.


Revoke succeeded.


Revoke succeeded.


Revoke succeeded.


Revoke succeeded.


Revoke succeeded.


Revoke succeeded.


Revoke succeeded.


Revoke succeeded.


Revoke succeeded.


Revoke succeeded.


Revoke succeeded.


Revoke succeeded.


Revoke succeeded.


Revoke succeeded.


Revoke succeeded.


Revoke succeeded.


Revoke succeeded.


1 row deleted.


1 row deleted.


1 row deleted.


1 row deleted.


1 row deleted.


1 row deleted.


1 row deleted.


Commit complete.

Connected.
USER is "VASAPPS"

Table dropped.


Table dropped.


Table dropped.


Table dropped.


Table dropped.


Table dropped.


Table dropped.


Table dropped.


Table dropped.


Table dropped.


Table dropped.


Table dropped.


Table dropped.


Table dropped.


Table dropped.


Table dropped.


Table dropped.


Table dropped.


Table dropped.


Table dropped.


Table dropped.


Table dropped.


Table dropped.


Table dropped.


Table dropped.


Table dropped.


Table dropped.


Table dropped.


Table dropped.


Table dropped.


Table dropped.


Table dropped.


Table dropped.


Table dropped.


Table dropped.


Table dropped.


Table dropped.


Table dropped.


Table dropped.


Type dropped.


Type dropped.


Type dropped.


Synonym dropped.


Synonym dropped.


Synonym dropped.


Synonym dropped.


Synonym dropped.


Synonym dropped.


Synonym dropped.


Synonym dropped.


Synonym dropped.


Synonym dropped.


Synonym dropped.


Synonym dropped.


Synonym dropped.


Synonym dropped.


Synonym dropped.


Synonym dropped.


Synonym dropped.


Synonym dropped.


Synonym dropped.


Synonym dropped.


Synonym dropped.


Synonym dropped.


Synonym dropped.


Synonym dropped.


Synonym dropped.


Synonym dropped.


Synonym dropped.


Synonym dropped.


Synonym dropped.


Synonym dropped.


Synonym dropped.


Synonym dropped.


Synonym dropped.


Synonym dropped.


Synonym dropped.


Synonym dropped.


Synonym dropped.


Synonym dropped.


Synonym dropped.


Synonym dropped.


Synonym dropped.


Synonym dropped.


Synonym dropped.


Synonym dropped.


Synonym dropped.


Synonym dropped.


Synonym dropped.


Synonym dropped.


Synonym dropped.


Synonym dropped.


Synonym dropped.


Synonym dropped.


Synonym dropped.


Synonym dropped.


Synonym dropped.


Synonym dropped.


Synonym dropped.


Synonym dropped.


Synonym dropped.


Synonym dropped.


Synonym dropped.


Synonym dropped.


Synonym dropped.


Synonym dropped.


Synonym dropped.


Synonym dropped.


Synonym dropped.


Synonym dropped.


Synonym dropped.


Synonym dropped.


Synonym dropped.


Synonym dropped.


Synonym dropped.


Synonym dropped.


Synonym dropped.


Synonym dropped.


Synonym dropped.


Synonym dropped.


Synonym dropped.


Synonym dropped.


Synonym dropped.


Synonym dropped.


Synonym dropped.


Synonym dropped.


Synonym dropped.


Synonym dropped.


Synonym dropped.


Synonym dropped.


Synonym dropped.


Synonym dropped.


Synonym dropped.


Synonym dropped.


Synonym dropped.


Synonym dropped.


Synonym dropped.


Synonym dropped.


Synonym dropped.


Synonym dropped.


Synonym dropped.


Synonym dropped.


Synonym dropped.


Synonym dropped.


Sequence dropped.


Sequence dropped.


Sequence dropped.


Sequence dropped.


Sequence dropped.


Sequence dropped.


Sequence dropped.


Sequence dropped.


Sequence dropped.


Sequence dropped.


Sequence dropped.


Sequence dropped.


Sequence dropped.


Sequence dropped.


Sequence dropped.


Sequence dropped.


Sequence dropped.


Sequence dropped.


Sequence dropped.


Sequence dropped.


Sequence dropped.


Sequence dropped.


Sequence dropped.


Sequence dropped.


Sequence dropped.


Sequence dropped.


Sequence dropped.


Sequence dropped.


Sequence dropped.


Sequence dropped.


Sequence dropped.


Sequence dropped.


Sequence dropped.


View dropped.


View dropped.


View dropped.


View dropped.


View dropped.


Function dropped.


Procedure dropped.


Procedure dropped.


Procedure dropped.


Package dropped.


Package dropped.


Package dropped.


Package dropped.


Package dropped.


Package dropped.


Package dropped.


Package dropped.


Package dropped.


Package dropped.


Package dropped.


Package dropped.


Package dropped.


Package dropped.


Package dropped.


Package dropped.


Package dropped.


Package dropped.


Package dropped.


Package dropped.


Package dropped.


Package dropped.


Package dropped.


1 row deleted.


1 row deleted.


1 row deleted.


1 row deleted.


1 row deleted.


1 row deleted.


1 row deleted.


1 row deleted.


1 row deleted.


1 row deleted.


2 rows deleted.


9 rows deleted.


3 rows deleted.


40 rows deleted.


16 rows deleted.


21 rows deleted.


10 rows deleted.


4 rows deleted.


6 rows deleted.


6 rows deleted.


2 rows deleted.


2 rows deleted.


2 rows deleted.


2 rows deleted.


2 rows deleted.


3 rows deleted.


2 rows deleted.


3 rows deleted.


2 rows deleted.


2 rows deleted.


6 rows deleted.


2 rows deleted.


7 rows deleted.


4 rows deleted.


3 rows deleted.


41 rows deleted.


18 rows deleted.


41 rows deleted.


17 rows deleted.


4 rows deleted.


40 rows deleted.


17 rows deleted.


2 rows deleted.


5 rows deleted.


21 rows deleted.


10 rows deleted.


5 rows deleted.


4 rows deleted.


Commit complete.

